<?xml version="1.0" encoding="UTF-8"?>
<testsuite name="com.testing.shape.ShapeCollectorTestSuite" tests="3" skipped="0" failures="0" errors="0" timestamp="2019-08-19T19:15:41" hostname="Dell-Komputer" time="0.011">
  <properties/>
  <testcase name="testGetShape" classname="com.testing.shape.ShapeCollectorTestSuite" time="0.004"/>
  <testcase name="testRemoveShape" classname="com.testing.shape.ShapeCollectorTestSuite" time="0.005"/>
  <testcase name="testAddShape" classname="com.testing.shape.ShapeCollectorTestSuite" time="0.0"/>
  <system-out><![CDATA[Beginning the tests of methods from class ShapeCollector
The tests number 1 is executing
The tests number 2 is executing
The tests number 3 is executing
The tests of methods from class ShapeCollector are finished
]]></system-out>
  <system-err><![CDATA[]]></system-err>
</testsuite>
