<?xml version="1.0" encoding="UTF-8"?>
<testsuite name="com.testing.platform.PlatformTestSuite" tests="2" skipped="0" failures="0" errors="0" timestamp="2019-06-08T21:32:56" hostname="Dell-Komputer" time="0.017">
  <properties/>
  <testcase name="testCaseMemberName" classname="com.testing.platform.PlatformTestSuite" time="0.016"/>
  <testcase name="testCaseMembersNumber" classname="com.testing.platform.PlatformTestSuite" time="0.0"/>
  <system-out><![CDATA[Test suite of platform: start!
[connecting with database of platform]
Test case: start!
Test case: finished.
Test case: start!
Test case: finished.
Test suite of platform: end.
]]></system-out>
  <system-err><![CDATA[]]></system-err>
</testsuite>
