<?xml version="1.0" encoding="UTF-8"?>
<testsuite name="com.testing.forum.tdd.ForumTestSuite" tests="8" skipped="0" failures="0" errors="0" timestamp="2019-06-11T21:41:41" hostname="Dell-Komputer" time="0.375">
  <properties/>
  <testcase name="testOfRemovingCommentNotExisting" classname="com.testing.forum.tdd.ForumTestSuite" time="0.171"/>
  <testcase name="testRemovePostNotExisting" classname="com.testing.forum.tdd.ForumTestSuite" time="0.069"/>
  <testcase name="testAddPost" classname="com.testing.forum.tdd.ForumTestSuite" time="0.012"/>
  <testcase name="testGetPost" classname="com.testing.forum.tdd.ForumTestSuite" time="0.005"/>
  <testcase name="testRemoveComment" classname="com.testing.forum.tdd.ForumTestSuite" time="0.021"/>
  <testcase name="testRemovePost" classname="com.testing.forum.tdd.ForumTestSuite" time="0.007"/>
  <testcase name="testGetComment" classname="com.testing.forum.tdd.ForumTestSuite" time="0.007"/>
  <testcase name="testAddComment" classname="com.testing.forum.tdd.ForumTestSuite" time="0.01"/>
  <system-out><![CDATA[this is the beginning of tests
Preparing to execute test #1
Preparing to execute test #2
Preparing to execute test #3
Preparing to execute test #4
Preparing to execute test #5
Preparing to execute test #6
Preparing to execute test #7
Preparing to execute test #8
All tests are finished
]]></system-out>
  <system-err><![CDATA[]]></system-err>
</testsuite>
