<?xml version="1.0" encoding="UTF-8"?>
<testsuite name="com.testing.library.LibraryTestSuite" tests="4" skipped="0" failures="0" errors="0" timestamp="2019-08-19T19:15:41" hostname="Dell-Komputer" time="0.058">
  <properties/>
  <testcase name="testListOfBooksWithConditionLessThan3" classname="com.testing.library.LibraryTestSuite" time="0.046"/>
  <testcase name="testListOfBooksWithConditionMoreThan20" classname="com.testing.library.LibraryTestSuite" time="0.006"/>
  <testcase name="testListBooksInHandsOfSize0" classname="com.testing.library.LibraryTestSuite" time="0.002"/>
  <testcase name="testListOfBooksWithConditionReturnList" classname="com.testing.library.LibraryTestSuite" time="0.0"/>
  <system-out><![CDATA[]]></system-out>
  <system-err><![CDATA[]]></system-err>
</testsuite>
