<?xml version="1.0" encoding="UTF-8"?>
<testsuite name="com.testing.forum.statistics.CalculateStatisticsTestSuite" tests="1" skipped="0" failures="0" errors="0" timestamp="2019-06-20T18:10:56" hostname="Dell-Komputer" time="0.468">
  <properties/>
  <testcase name="test0ofCalculateAdvStatistics" classname="com.testing.forum.statistics.CalculateStatisticsTestSuite" time="0.468"/>
  <system-out><![CDATA[]]></system-out>
  <system-err><![CDATA[]]></system-err>
</testsuite>
