<?xml version="1.0" encoding="UTF-8"?>
<testsuite name="com.testing.weather.stub.WeatherForecastTestSuite" tests="1" skipped="0" failures="0" errors="0" timestamp="2019-07-28T12:00:44" hostname="Dell-Komputer" time="0.002">
  <properties/>
  <testcase name="testCalculateForecastWithStub" classname="com.testing.weather.stub.WeatherForecastTestSuite" time="0.002"/>
  <system-out><![CDATA[]]></system-out>
  <system-err><![CDATA[]]></system-err>
</testsuite>
