<?xml version="1.0" encoding="UTF-8"?>
<testsuite name="com.testing.library.LibraryTestSuite" tests="1" skipped="0" failures="0" errors="0" timestamp="2019-06-25T19:00:06" hostname="Dell-Komputer" time="0.447">
  <properties/>
  <testcase name="testListBooksInHandsOf" classname="com.testing.library.LibraryTestSuite" time="0.447"/>
  <system-out><![CDATA[]]></system-out>
  <system-err><![CDATA[]]></system-err>
</testsuite>
