<?xml version="1.0" encoding="UTF-8"?>
<testsuite name="com.testing.shape.ShapeCollectorTestSuite" tests="1" skipped="0" failures="0" errors="0" timestamp="2019-06-16T19:19:41" hostname="Dell-Komputer" time="0.009">
  <properties/>
  <testcase name="testRemoveShape" classname="com.testing.shape.ShapeCollectorTestSuite" time="0.009"/>
  <system-out><![CDATA[]]></system-out>
  <system-err><![CDATA[]]></system-err>
</testsuite>
