<?xml version="1.0" encoding="UTF-8"?>
<testsuite name="com.testing.forum.statistics.CalculateStatisticsTestSuite" tests="4" skipped="0" failures="0" errors="0" timestamp="2019-06-20T22:12:27" hostname="Dell-Komputer" time="0.514">
  <properties/>
  <testcase name="test2OfCalculateAdvStatistics" classname="com.testing.forum.statistics.CalculateStatisticsTestSuite" time="0.474"/>
  <testcase name="test0ofCalculateAdvStatistics" classname="com.testing.forum.statistics.CalculateStatisticsTestSuite" time="0.029"/>
  <testcase name="test1OfCalculateAdvStatistics" classname="com.testing.forum.statistics.CalculateStatisticsTestSuite" time="0.004"/>
  <testcase name="test3OfCalculateAdvStatistics" classname="com.testing.forum.statistics.CalculateStatisticsTestSuite" time="0.003"/>
  <system-out><![CDATA[Test #0 is starting.
Test executing the method calculateAdvStatistics when number of posts equals 0, number of comments equals 10 and numbers of users equals 10
Test #0 is finished.

Test #1 is starting.
Test executing the method calculateAdvStatistics when number of posts equals 1000, number of comments equals 10000 and numbers of users equals 100
Test #1 is finished.

Test #2 is starting.
Test executing the method calculateAdvStatistics when number of posts equals 0 and we don't know numbers of users and comments
Test #2 is finished.

Test #3 is starting.
Test executing the method calculateAdvStatistics when number of posts equals 1000 and we don't know numbers of users and posts
Test #3 is finished.

]]></system-out>
  <system-err><![CDATA[]]></system-err>
</testsuite>
