<?xml version="1.0" encoding="UTF-8"?>
<testsuite name="com.testing.shape.SquareTestSuite" tests="1" skipped="0" failures="0" errors="0" timestamp="2019-06-16T19:58:15" hostname="Dell-Komputer" time="0.013">
  <properties/>
  <testcase name="testGetName" classname="com.testing.shape.SquareTestSuite" time="0.013"/>
  <system-out><![CDATA[]]></system-out>
  <system-err><![CDATA[]]></system-err>
</testsuite>
