<?xml version="1.0" encoding="UTF-8"?>
<testsuite name="PlatformTestSuite" tests="2" skipped="0" failures="0" errors="0" timestamp="2019-06-05T13:28:05" hostname="Dell-Komputer" time="0.023">
  <properties/>
  <testcase name="testCaseMemberName" classname="PlatformTestSuite" time="0.021"/>
  <testcase name="testCaseMembersNumber" classname="PlatformTestSuite" time="0.001"/>
  <system-out><![CDATA[Test suite of platform: start!
[connecting with database of platform]
Test case: start!
Test case: finished.
Test case: start!
Test case: finished.
Test suite of platform: end.
]]></system-out>
  <system-err><![CDATA[]]></system-err>
</testsuite>
