<?xml version="1.0" encoding="UTF-8"?>
<testsuite name="com.testing.forum.statistics.CalculateStatisticsTestSuite" tests="1" skipped="0" failures="0" errors="0" timestamp="2019-06-20T19:48:06" hostname="Dell-Komputer" time="0.446">
  <properties/>
  <testcase name="test2OfCalculateAdvStatistics" classname="com.testing.forum.statistics.CalculateStatisticsTestSuite" time="0.446"/>
  <system-out><![CDATA[]]></system-out>
  <system-err><![CDATA[]]></system-err>
</testsuite>
