<?xml version="1.0" encoding="UTF-8"?>
<testsuite name="com.testing.shape.SquareTestSuite" tests="2" skipped="0" failures="0" errors="0" timestamp="2019-08-19T19:15:41" hostname="Dell-Komputer" time="0.001">
  <properties/>
  <testcase name="testAreaOfFigure" classname="com.testing.shape.SquareTestSuite" time="0.001"/>
  <testcase name="testNameOfFigure" classname="com.testing.shape.SquareTestSuite" time="0.0"/>
  <system-out><![CDATA[Beginning the tests of methods from class Square
The tests number 1 is executing
Area of 'square' = 4.0
Area of 'bigSquare' = 900.0
The tests number 2 is executing
The tests of methods from class Square are finished
]]></system-out>
  <system-err><![CDATA[]]></system-err>
</testsuite>
