<?xml version="1.0" encoding="UTF-8"?>
<testsuite name="com.testing.library.LibraryTestSuite" tests="4" skipped="0" failures="0" errors="0" timestamp="2019-07-28T12:00:44" hostname="Dell-Komputer" time="0.081">
  <properties/>
  <testcase name="testListOfBooksWithConditionLessThan3" classname="com.testing.library.LibraryTestSuite" time="0.067"/>
  <testcase name="testListOfBooksWithConditionMoreThan20" classname="com.testing.library.LibraryTestSuite" time="0.007"/>
  <testcase name="testListBooksInHandsOfSize0" classname="com.testing.library.LibraryTestSuite" time="0.003"/>
  <testcase name="testListOfBooksWithConditionReturnList" classname="com.testing.library.LibraryTestSuite" time="0.001"/>
  <system-out><![CDATA[]]></system-out>
  <system-err><![CDATA[]]></system-err>
</testsuite>
