<?xml version="1.0" encoding="UTF-8"?>
<testsuite name="com.testing.shape.ShapeCollectorTestSuite" tests="1" skipped="0" failures="0" errors="0" timestamp="2019-06-16T19:37:53" hostname="Dell-Komputer" time="0.016">
  <properties/>
  <testcase name="testGetShape" classname="com.testing.shape.ShapeCollectorTestSuite" time="0.016"/>
  <system-out><![CDATA[]]></system-out>
  <system-err><![CDATA[]]></system-err>
</testsuite>
