<?xml version="1.0" encoding="UTF-8"?>
<testsuite name="com.testing.forum.statistics.CalculateStatisticsTestSuite" tests="2" skipped="0" failures="0" errors="0" timestamp="2019-06-20T17:26:18" hostname="Dell-Komputer" time="0.504">
  <properties/>
  <testcase name="testCalculateAdvStatistics1" classname="com.testing.forum.statistics.CalculateStatisticsTestSuite" time="0.479"/>
  <testcase name="testCalculateAdvStatistics2" classname="com.testing.forum.statistics.CalculateStatisticsTestSuite" time="0.023"/>
  <system-out><![CDATA[Test #0 is starting.
Test executing the method calculateAdvStatistics when numbers of posts equals 0
Test #0 is finished.

Test #1 is starting.
Test executing the method calculateAdvStatistics when number of posts equals 1000
Test #1 is finished.

]]></system-out>
  <system-err><![CDATA[]]></system-err>
</testsuite>
