<?xml version="1.0" encoding="UTF-8"?>
<testsuite name="com.testing.collection.CollectionTestSuite" tests="2" skipped="0" failures="0" errors="0" timestamp="2019-07-28T12:00:43" hostname="Dell-Komputer" time="0.026">
  <properties/>
  <testcase name="testOddNumbersExterminatorEmptyList" classname="com.testing.collection.CollectionTestSuite" time="0.018"/>
  <testcase name="testOddNumbersExterminatorNormalList" classname="com.testing.collection.CollectionTestSuite" time="0.003"/>
  <system-out><![CDATA[The size of list evenNumbers is: 0
2
4
6
8
10
The size of list evenNumbers is: 5
]]></system-out>
  <system-err><![CDATA[]]></system-err>
</testsuite>
